{"numTotalTestSuites":8,"numPassedTestSuites":8,"numFailedTestSuites":0,"numPendingTestSuites":0,"numTotalTests":6,"numPassedTests":6,"numFailedTests":0,"numPendingTests":0,"numTodoTests":0,"snapshot":{"added":0,"failure":false,"filesAdded":0,"filesRemoved":0,"filesRemovedList":[],"filesUnmatched":0,"filesUpdated":0,"matched":0,"total":0,"unchecked":0,"uncheckedKeysByFile":[],"unmatched":0,"updated":0,"didUpdate":false},"startTime":1789724460249,"success":true,"testResults":[{"assertionResults":[{"ancestorTitles":["App"],"fullName":"App should have a title","status":"passed","title":"should have a title","duration":14.700000001117587,"failureMessages":[],"meta":{},"tags":[]},{"ancestorTitles":["App"],"fullName":"App should display the menu component","status":"passed","title":"should display the menu component","duration":5,"failureMessages":[],"meta":{},"tags":[]},{"ancestorTitles":["App"],"fullName":"App should display the races component","status":"passed","title":"should display the races component","duration":8.599999999627471,"failureMessages":[],"meta":{},"tags":[]}],"startTime":1789724464362,"endTime":1789724464390.6,"status":"passed","message":"","name":"/Users/deborah/Documents/dev/NinjaSquad/ponyracer/src/app/app.spec.ts"},{"assertionResults":[{"ancestorTitles":["Menu"],"fullName":"Menu should toggle the class on click","status":"passed","title":"should toggle the class on click","duration":145.59999999962747,"failureMessages":[],"meta":{},"tags":[]}],"startTime":1789724464361,"endTime":1789724464506.6,"status":"passed","message":"","name":"/Users/deborah/Documents/dev/NinjaSquad/ponyracer/src/app/menu/menu.spec.ts"},{"assertionResults":[{"ancestorTitles":["Race"],"fullName":"Race should display a race name and its ponies","status":"passed","title":"should display a race name and its ponies","duration":23,"failureMessages":[],"meta":{},"tags":[]}],"startTime":1789724464361,"endTime":1789724464384,"status":"passed","message":"","name":"/Users/deborah/Documents/dev/NinjaSquad/ponyracer/src/app/race/race.spec.ts"},{"assertionResults":[{"ancestorTitles":["Races"],"fullName":"Races should display every race","status":"passed","title":"should display every race","duration":9.200000001117587,"failureMessages":[],"meta":{},"tags":[]}],"startTime":1789724464408,"endTime":1789724464417.2,"status":"passed","message":"","name":"/Users/deborah/Documents/dev/NinjaSquad/ponyracer/src/app/races/races.spec.ts"}]}