{"numTotalTestSuites":8,"numPassedTestSuites":8,"numFailedTestSuites":0,"numPendingTestSuites":0,"numTotalTests":6,"numPassedTests":6,"numFailedTests":0,"numPendingTests":0,"numTodoTests":0,"snapshot":{"added":0,"failure":false,"filesAdded":0,"filesRemoved":0,"filesRemovedList":[],"filesUnmatched":0,"filesUpdated":0,"matched":0,"total":0,"unchecked":0,"uncheckedKeysByFile":[],"unmatched":0,"updated":0,"didUpdate":false},"startTime":1789725634951,"success":true,"testResults":[{"assertionResults":[{"ancestorTitles":["App"],"fullName":"App should have a title","status":"passed","title":"should have a title","duration":17.200000001117587,"failureMessages":[],"meta":{},"tags":[]},{"ancestorTitles":["App"],"fullName":"App should display the menu component","status":"passed","title":"should display the menu component","duration":5.599999999627471,"failureMessages":[],"meta":{},"tags":[]},{"ancestorTitles":["App"],"fullName":"App should display the races component","status":"passed","title":"should display the races component","duration":10.599999999627471,"failureMessages":[],"meta":{},"tags":[]}],"startTime":1789725637426,"endTime":1789725637459.6,"status":"passed","message":"","name":"/Users/deborah/Documents/dev/NinjaSquad/ponyracer/src/app/app.spec.ts"},{"assertionResults":[{"ancestorTitles":["Menu"],"fullName":"Menu should toggle the class on click","status":"passed","title":"should toggle the class on click","duration":276.3999999985099,"failureMessages":[],"meta":{},"tags":[]}],"startTime":1789725637424,"endTime":1789725637700.4,"status":"passed","message":"","name":"/Users/deborah/Documents/dev/NinjaSquad/ponyracer/src/app/menu/menu.spec.ts"},{"assertionResults":[{"ancestorTitles":["Race"],"fullName":"Race should display a race name and its ponies","status":"passed","title":"should display a race name and its ponies","duration":24.299999998882413,"failureMessages":[],"meta":{},"tags":[]}],"startTime":1789725637426,"endTime":1789725637450.3,"status":"passed","message":"","name":"/Users/deborah/Documents/dev/NinjaSquad/ponyracer/src/app/race/race.spec.ts"},{"assertionResults":[{"ancestorTitles":["Races"],"fullName":"Races should display every race","status":"passed","title":"should display every race","duration":23,"failureMessages":[],"meta":{},"tags":[]}],"startTime":1789725637424,"endTime":1789725637447,"status":"passed","message":"","name":"/Users/deborah/Documents/dev/NinjaSquad/ponyracer/src/app/races/races.spec.ts"}],"coverageMap":{"/Users/deborah/Documents/dev/NinjaSquad/ponyracer/src/app/race/race.ts":{"path":"/Users/deborah/Documents/dev/NinjaSquad/ponyracer/src/app/race/race.ts","statementMap":{"0":{"start":{"line":10,"column":6},"end":{"line":3,"column":null}},"1":{"start":{"line":11,"column":30},"end":{"line":11,"column":null}},"2":{"start":{"line":10,"column":13},"end":{"line":3,"column":null}},"3":{"start":{"line":10,"column":13},"end":{"line":10,"column":null}},"4":{"start":{"line":10,"column":17},"end":{"line":6,"column":null}},"5":{"start":{"line":10,"column":13},"end":{"line":6,"column":null}}},"fnMap":{"0":{"name":"(anonymous_0)","decl":{"start":{"line":10,"column":17},"end":{"line":10,"column":null}},"loc":{"start":{"line":10,"column":17},"end":{"line":3,"column":null}},"line":10}},"branchMap":{"0":{"loc":{"start":{"line":11,"column":44},"end":{"line":11,"column":null}},"type":"cond-expr","locations":[{"start":{"line":11,"column":44},"end":{"line":11,"column":null}}],"line":11},"1":{"loc":{"start":{"line":10,"column":13},"end":{"line":10,"column":17}},"type":"binary-expr","locations":[{"start":{"line":10,"column":13},"end":{"line":10,"column":17}},{"start":{"line":10,"column":13},"end":{"line":10,"column":17}}],"line":10},"2":{"loc":{"start":{"line":10,"column":17},"end":{"line":6,"column":null}},"type":"if","locations":[{"start":{"line":10,"column":17},"end":{"line":6,"column":null}},{"start":{},"end":{}}],"line":10},"3":{"loc":{"start":{"line":10,"column":13},"end":{"line":6,"column":null}},"type":"binary-expr","locations":[{"start":{"line":10,"column":13},"end":{"line":10,"column":17}},{"start":{"line":10,"column":13},"end":{"line":10,"column":17}},{"start":{"line":10,"column":13},"end":{"line":6,"column":null}}],"line":10},"4":{"loc":{"start":{"line":10,"column":13},"end":{"line":10,"column":null}},"type":"binary-expr","locations":[{"start":{"line":10,"column":13},"end":{"line":10,"column":17}},{"start":{"line":10,"column":13},"end":{"line":10,"column":17}},{"start":{"line":10,"column":13},"end":{"line":10,"column":null}}],"line":10}},"s":{"0":3,"1":5,"2":3,"3":3,"4":15,"5":3},"f":{"0":3},"b":{"0":[5],"1":[5,5],"2":[5,10],"3":[3,3,3],"4":[3,3,3]},"meta":{"lastBranch":5,"lastFunction":1,"lastStatement":6,"seen":{"s:10:6:3:Infinity":0,"s:11:30:11:Infinity":1,"s:10:13:3:Infinity":2,"b:11:44:11:Infinity":0,"s:10:13:10:Infinity":3,"b:10:13:10:17:10:13:10:17":1,"f:10:17:10:Infinity":0,"b:10:17:6:Infinity:undefined:undefined:undefined:undefined":2,"s:10:17:6:Infinity":4,"s:10:13:6:Infinity":5,"b:10:13:10:17:10:13:10:17:10:13:6:Infinity":3,"b:10:13:10:17:10:13:10:17:10:13:10:Infinity":4}}},"/Users/deborah/Documents/dev/NinjaSquad/ponyracer/src/app/race/race.html":{"path":"/Users/deborah/Documents/dev/NinjaSquad/ponyracer/src/app/race/race.html","statementMap":{"0":{"start":{"line":4,"column":4},"end":{"line":4,"column":8}},"1":{"start":{"line":4,"column":8},"end":{"line":4,"column":23}},"2":{"start":{"line":4,"column":23},"end":{"line":4,"column":null}},"3":{"start":{"line":1,"column":0},"end":{"line":1,"column":4}},"4":{"start":{"line":1,"column":4},"end":{"line":1,"column":26}},"5":{"start":{"line":1,"column":26},"end":{"line":1,"column":null}},"6":{"start":{"line":2,"column":0},"end":{"line":2,"column":null}},"7":{"start":{"line":3,"column":2},"end":{"line":3,"column":13}},"8":{"start":{"line":6,"column":0},"end":{"line":6,"column":null}},"9":{"start":{"line":3,"column":2},"end":{"line":3,"column":null}}},"fnMap":{},"branchMap":{},"s":{"0":25,"1":50,"2":25,"3":5,"4":10,"5":5,"6":5,"7":10,"8":5,"9":10},"f":{},"b":{},"meta":{"lastBranch":0,"lastFunction":0,"lastStatement":10,"seen":{"s:4:4:4:8":0,"s:4:8:4:23":1,"s:4:23:4:Infinity":2,"s:1:0:1:4":3,"s:1:4:1:26":4,"s:1:26:1:Infinity":5,"s:2:0:2:Infinity":6,"s:3:2:3:13":7,"s:6:0:6:Infinity":8,"s:3:2:3:Infinity":9}}},"/Users/deborah/Documents/dev/NinjaSquad/ponyracer/src/app/races/races.ts":{"path":"/Users/deborah/Documents/dev/NinjaSquad/ponyracer/src/app/races/races.ts","statementMap":{"0":{"start":{"line":10,"column":6},"end":{"line":6,"column":17}},"1":{"start":{"line":11,"column":26},"end":{"line":36,"column":null}},"2":{"start":{"line":10,"column":13},"end":{"line":6,"column":17}},"3":{"start":{"line":10,"column":13},"end":{"line":10,"column":null}},"4":{"start":{"line":10,"column":18},"end":{"line":1,"column":7}},"5":{"start":{"line":10,"column":13},"end":{"line":6,"column":null}}},"fnMap":{"0":{"name":"(anonymous_0)","decl":{"start":{"line":10,"column":18},"end":{"line":10,"column":null}},"loc":{"start":{"line":10,"column":18},"end":{"line":6,"column":16}},"line":10}},"branchMap":{"0":{"loc":{"start":{"line":36,"column":3},"end":{"line":36,"column":null}},"type":"cond-expr","locations":[{"start":{"line":36,"column":3},"end":{"line":36,"column":null}}],"line":36},"1":{"loc":{"start":{"line":10,"column":13},"end":{"line":10,"column":18}},"type":"binary-expr","locations":[{"start":{"line":10,"column":13},"end":{"line":10,"column":18}},{"start":{"line":10,"column":13},"end":{"line":10,"column":18}}],"line":10},"2":{"loc":{"start":{"line":10,"column":18},"end":{"line":1,"column":7}},"type":"if","locations":[{"start":{"line":10,"column":18},"end":{"line":1,"column":7}},{"start":{},"end":{}}],"line":10},"3":{"loc":{"start":{"line":10,"column":13},"end":{"line":6,"column":null}},"type":"binary-expr","locations":[{"start":{"line":10,"column":13},"end":{"line":10,"column":18}},{"start":{"line":10,"column":13},"end":{"line":10,"column":18}},{"start":{"line":10,"column":13},"end":{"line":6,"column":null}}],"line":10},"4":{"loc":{"start":{"line":10,"column":13},"end":{"line":10,"column":null}},"type":"binary-expr","locations":[{"start":{"line":10,"column":13},"end":{"line":10,"column":18}},{"start":{"line":10,"column":13},"end":{"line":10,"column":18}},{"start":{"line":10,"column":13},"end":{"line":10,"column":null}}],"line":10}},"s":{"0":2,"1":4,"2":2,"3":2,"4":8,"5":2},"f":{"0":2},"b":{"0":[4],"1":[4,4],"2":[4,4],"3":[2,2,2],"4":[2,2,2]},"meta":{"lastBranch":5,"lastFunction":1,"lastStatement":6,"seen":{"s:10:6:6:17":0,"s:11:26:36:Infinity":1,"s:10:13:6:17":2,"b:36:3:36:Infinity":0,"s:10:13:10:Infinity":3,"b:10:13:10:18:10:13:10:18":1,"f:10:18:10:Infinity":0,"b:10:18:1:7:undefined:undefined:undefined:undefined":2,"s:10:18:1:7":4,"s:10:13:6:Infinity":5,"b:10:13:10:18:10:13:10:18:10:13:6:Infinity":3,"b:10:13:10:18:10:13:10:18:10:13:10:Infinity":4}}},"/Users/deborah/Documents/dev/NinjaSquad/ponyracer/src/app/races/races.html":{"path":"/Users/deborah/Documents/dev/NinjaSquad/ponyracer/src/app/races/races.html","statementMap":{"0":{"start":{"line":2,"column":2},"end":{"line":2,"column":null}},"1":{"start":{"line":3,"column":4},"end":{"line":3,"column":13}},"2":{"start":{"line":4,"column":2},"end":{"line":4,"column":null}},"3":{"start":{"line":3,"column":13},"end":{"line":3,"column":null}},"4":{"start":{"line":1,"column":0},"end":{"line":1,"column":7}},"5":{"start":{"line":1,"column":0},"end":{"line":1,"column":null}}},"fnMap":{},"branchMap":{},"s":{"0":4,"1":4,"2":4,"3":8,"4":4,"5":4},"f":{},"b":{},"meta":{"lastBranch":0,"lastFunction":0,"lastStatement":6,"seen":{"s:2:2:2:Infinity":0,"s:3:4:3:13":1,"s:4:2:4:Infinity":2,"s:3:13:3:Infinity":3,"s:1:0:1:7":4,"s:1:0:1:Infinity":5}}},"/Users/deborah/Documents/dev/NinjaSquad/ponyracer/src/app/menu/menu.ts":{"path":"/Users/deborah/Documents/dev/NinjaSquad/ponyracer/src/app/menu/menu.ts","statementMap":{"0":{"start":{"line":9,"column":6},"end":{"line":7,"column":82}},"1":{"start":{"line":10,"column":29},"end":{"line":10,"column":null}},"2":{"start":{"line":9,"column":13},"end":{"line":7,"column":82}},"3":{"start":{"line":13,"column":4},"end":{"line":13,"column":null}},"4":{"start":{"line":13,"column":37},"end":{"line":13,"column":39}},"5":{"start":{"line":9,"column":13},"end":{"line":9,"column":null}},"6":{"start":{"line":9,"column":17},"end":{"line":14,"column":null}},"7":{"start":{"line":9,"column":13},"end":{"line":5,"column":null}}},"fnMap":{"0":{"name":"(anonymous_0)","decl":{"start":{"line":12,"column":12},"end":{"line":12,"column":24}},"loc":{"start":{"line":12,"column":24},"end":{"line":14,"column":null}},"line":12},"1":{"name":"(anonymous_1)","decl":{"start":{"line":13,"column":32},"end":{"line":13,"column":37}},"loc":{"start":{"line":13,"column":37},"end":{"line":13,"column":39}},"line":13},"2":{"name":"(anonymous_2)","decl":{"start":{"line":9,"column":17},"end":{"line":9,"column":null}},"loc":{"start":{"line":9,"column":17},"end":{"line":7,"column":82}},"line":9}},"branchMap":{"0":{"loc":{"start":{"line":10,"column":40},"end":{"line":10,"column":null}},"type":"cond-expr","locations":[{"start":{"line":10,"column":40},"end":{"line":10,"column":null}}],"line":10},"1":{"loc":{"start":{"line":9,"column":13},"end":{"line":9,"column":17}},"type":"binary-expr","locations":[{"start":{"line":9,"column":13},"end":{"line":9,"column":17}},{"start":{"line":9,"column":13},"end":{"line":9,"column":17}}],"line":9},"2":{"loc":{"start":{"line":9,"column":17},"end":{"line":14,"column":null}},"type":"if","locations":[{"start":{"line":9,"column":17},"end":{"line":14,"column":null}},{"start":{},"end":{}}],"line":9},"3":{"loc":{"start":{"line":9,"column":13},"end":{"line":5,"column":null}},"type":"binary-expr","locations":[{"start":{"line":9,"column":13},"end":{"line":9,"column":17}},{"start":{"line":9,"column":13},"end":{"line":9,"column":17}},{"start":{"line":9,"column":13},"end":{"line":5,"column":null}}],"line":9},"4":{"loc":{"start":{"line":9,"column":13},"end":{"line":9,"column":null}},"type":"binary-expr","locations":[{"start":{"line":9,"column":13},"end":{"line":9,"column":17}},{"start":{"line":9,"column":13},"end":{"line":9,"column":17}},{"start":{"line":9,"column":13},"end":{"line":9,"column":null}}],"line":9}},"s":{"0":2,"1":4,"2":2,"3":2,"4":2,"5":2,"6":12,"7":2},"f":{"0":2,"1":2,"2":2},"b":{"0":[4],"1":[4,4],"2":[4,8],"3":[2,2,2],"4":[2,2,2]},"meta":{"lastBranch":5,"lastFunction":3,"lastStatement":8,"seen":{"s:9:6:7:82":0,"s:10:29:10:Infinity":1,"s:9:13:7:82":2,"b:10:40:10:Infinity":0,"f:12:12:12:24":0,"s:13:4:13:Infinity":3,"f:13:32:13:37":1,"s:13:37:13:39":4,"s:9:13:9:Infinity":5,"b:9:13:9:17:9:13:9:17":1,"f:9:17:9:Infinity":2,"b:9:17:14:Infinity:undefined:undefined:undefined:undefined":2,"s:9:17:14:Infinity":6,"s:9:13:5:Infinity":7,"b:9:13:9:17:9:13:9:17:9:13:5:Infinity":3,"b:9:13:9:17:9:13:9:17:9:13:9:Infinity":4}}},"/Users/deborah/Documents/dev/NinjaSquad/ponyracer/src/app/menu/menu.html":{"path":"/Users/deborah/Documents/dev/NinjaSquad/ponyracer/src/app/menu/menu.html","statementMap":{"0":{"start":{"line":1,"column":0},"end":{"line":2,"column":null}},"1":{"start":{"line":3,"column":28},"end":{"line":3,"column":37}},"2":{"start":{"line":3,"column":37},"end":{"line":3,"column":null}},"3":{"start":{"line":4,"column":4},"end":{"line":4,"column":49}},"4":{"start":{"line":4,"column":49},"end":{"line":4,"column":null}},"5":{"start":{"line":4,"column":49},"end":{"line":4,"column":72}},"6":{"start":{"line":5,"column":6},"end":{"line":5,"column":null}},"7":{"start":{"line":6,"column":4},"end":{"line":6,"column":null}},"8":{"start":{"line":7,"column":4},"end":{"line":9,"column":null}},"9":{"start":{"line":10,"column":30},"end":{"line":10,"column":35}},"10":{"start":{"line":10,"column":35},"end":{"line":14,"column":null}},"11":{"start":{"line":7,"column":45},"end":{"line":7,"column":82}}},"fnMap":{"0":{"name":"Menu_Template_button_click_4_listener","decl":{"start":{"line":4,"column":49},"end":{"line":4,"column":58}},"loc":{"start":{"line":4,"column":49},"end":{"line":4,"column":null}},"line":4}},"branchMap":{},"s":{"0":4,"1":4,"2":4,"3":4,"4":4,"5":2,"6":4,"7":4,"8":4,"9":4,"10":4,"11":8},"f":{"0":2},"b":{},"meta":{"lastBranch":0,"lastFunction":1,"lastStatement":12,"seen":{"s:1:0:2:Infinity":0,"s:3:28:3:37":1,"s:3:37:3:Infinity":2,"s:4:4:4:49":3,"s:4:49:4:Infinity":4,"f:4:49:4:58":0,"s:4:49:4:72":5,"s:5:6:5:Infinity":6,"s:6:4:6:Infinity":7,"s:7:4:9:Infinity":8,"s:10:30:10:35":9,"s:10:35:14:Infinity":10,"s:7:45:7:82":11}}},"/Users/deborah/Documents/dev/NinjaSquad/ponyracer/src/app/app.ts":{"path":"/Users/deborah/Documents/dev/NinjaSquad/ponyracer/src/app/app.ts","statementMap":{"0":{"start":{"line":11,"column":6},"end":{"line":7,"column":24}},"1":{"start":{"line":12,"column":29},"end":{"line":12,"column":null}},"2":{"start":{"line":11,"column":13},"end":{"line":7,"column":24}},"3":{"start":{"line":11,"column":13},"end":{"line":11,"column":null}},"4":{"start":{"line":11,"column":16},"end":{"line":5,"column":null}},"5":{"start":{"line":11,"column":13},"end":{"line":7,"column":null}}},"fnMap":{"0":{"name":"(anonymous_0)","decl":{"start":{"line":11,"column":16},"end":{"line":11,"column":null}},"loc":{"start":{"line":11,"column":16},"end":{"line":7,"column":18}},"line":11}},"branchMap":{"0":{"loc":{"start":{"line":12,"column":47},"end":{"line":12,"column":null}},"type":"cond-expr","locations":[{"start":{"line":12,"column":47},"end":{"line":12,"column":null}}],"line":12},"1":{"loc":{"start":{"line":11,"column":13},"end":{"line":11,"column":16}},"type":"binary-expr","locations":[{"start":{"line":11,"column":13},"end":{"line":11,"column":16}},{"start":{"line":11,"column":13},"end":{"line":11,"column":16}}],"line":11},"2":{"loc":{"start":{"line":11,"column":16},"end":{"line":5,"column":null}},"type":"if","locations":[{"start":{"line":11,"column":16},"end":{"line":5,"column":null}},{"start":{},"end":{}}],"line":11},"3":{"loc":{"start":{"line":11,"column":13},"end":{"line":7,"column":null}},"type":"binary-expr","locations":[{"start":{"line":11,"column":13},"end":{"line":11,"column":16}},{"start":{"line":11,"column":13},"end":{"line":11,"column":16}},{"start":{"line":11,"column":13},"end":{"line":7,"column":null}}],"line":11},"4":{"loc":{"start":{"line":11,"column":13},"end":{"line":11,"column":null}},"type":"binary-expr","locations":[{"start":{"line":11,"column":13},"end":{"line":11,"column":16}},{"start":{"line":11,"column":13},"end":{"line":11,"column":16}},{"start":{"line":11,"column":13},"end":{"line":11,"column":null}}],"line":11}},"s":{"0":1,"1":3,"2":1,"3":1,"4":5,"5":1},"f":{"0":1},"b":{"0":[3],"1":[3,3],"2":[3,2],"3":[1,1,1],"4":[1,1,1]},"meta":{"lastBranch":5,"lastFunction":1,"lastStatement":6,"seen":{"s:11:6:7:24":0,"s:12:29:12:Infinity":1,"s:11:13:7:24":2,"b:12:47:12:Infinity":0,"s:11:13:11:Infinity":3,"b:11:13:11:16:11:13:11:16":1,"f:11:16:11:Infinity":0,"b:11:16:5:Infinity:undefined:undefined:undefined:undefined":2,"s:11:16:5:Infinity":4,"s:11:13:7:Infinity":5,"b:11:13:11:16:11:13:11:16:11:13:7:Infinity":3,"b:11:13:11:16:11:13:11:16:11:13:11:Infinity":4}}},"/Users/deborah/Documents/dev/NinjaSquad/ponyracer/src/app/app.html":{"path":"/Users/deborah/Documents/dev/NinjaSquad/ponyracer/src/app/app.html","statementMap":{"0":{"start":{"line":1,"column":0},"end":{"line":1,"column":null}},"1":{"start":{"line":2,"column":6},"end":{"line":2,"column":15}},"2":{"start":{"line":2,"column":15},"end":{"line":2,"column":null}},"3":{"start":{"line":3,"column":2},"end":{"line":3,"column":null}},"4":{"start":{"line":5,"column":0},"end":{"line":5,"column":null}}},"fnMap":{},"branchMap":{},"s":{"0":3,"1":3,"2":3,"3":3,"4":3},"f":{},"b":{},"meta":{"lastBranch":0,"lastFunction":0,"lastStatement":5,"seen":{"s:1:0:1:Infinity":0,"s:2:6:2:15":1,"s:2:15:2:Infinity":2,"s:3:2:3:Infinity":3,"s:5:0:5:Infinity":4}}}}}